[2017-03-02 16:36:55] ICE Hrm.INFO: Api File:C:\AppServ\www\LS/admin/dashboard/api/DashboardActionManager.php [] []
[2017-03-02 16:38:29] ICE Hrm.INFO: Api File:C:\AppServ\www\LS/modules/leaves/api/LeavesActionManager.php [] []
[2017-03-02 16:38:30] ICE Hrm.INFO: {"status":"Approved"} [] []
[2017-03-02 16:38:31] ICE Hrm.INFO: {"status":"Pending"} [] []
[2017-03-02 16:42:09] ICE Hrm.INFO: Api File:C:\AppServ\www\LS/admin/dashboard/api/DashboardActionManager.php [] []
[2017-03-02 16:42:24] ICE Hrm.INFO: Api File:C:\AppServ\www\LS/admin/dashboard/api/DashboardActionManager.php [] []
[2017-03-02 16:42:30] ICE Hrm.INFO: Api File:C:\AppServ\www\LS/admin/dashboard/api/DashboardActionManager.php [] []
[2017-03-02 16:44:02] ICE Hrm.INFO: Api File:C:\AppServ\www\LS/admin/dashboard/api/DashboardActionManager.php [] []
[2017-03-02 16:44:17] ICE Hrm.INFO: Api File:C:\AppServ\www\LS/admin/dashboard/api/DashboardActionManager.php [] []
[2017-03-02 16:44:56] ICE Hrm.INFO: Api File:C:\AppServ\www\LS/admin/dashboard/api/DashboardActionManager.php [] []
[2017-03-02 16:45:04] ICE Hrm.INFO: Api File:C:\AppServ\www\LS/admin/dashboard/api/DashboardActionManager.php [] []
[2017-03-02 16:45:50] ICE Hrm.INFO: Api File:C:\AppServ\www\LS/modules/dashboard/api/DashboardActionManager.php [] []
[2017-03-02 16:45:50] ICE Hrm.INFO: Api File:C:\AppServ\www\LS/modules/attendance/api/AttendanceActionManager.php [] []
[2017-03-02 16:45:50] ICE Hrm.INFO: Api File:C:\AppServ\www\LS/modules/dashboard/api/DashboardActionManager.php [] []
[2017-03-02 16:45:50] ICE Hrm.INFO: Api File:C:\AppServ\www\LS/modules/dashboard/api/DashboardActionManager.php [] []
[2017-03-02 16:45:54] ICE Hrm.INFO: Api File:C:\AppServ\www\LS/admin/dashboard/api/DashboardActionManager.php [] []
[2017-03-02 16:46:28] ICE Hrm.INFO: Api File:C:\AppServ\www\LS/admin/dashboard/api/DashboardActionManager.php [] []
[2017-03-02 16:46:48] ICE Hrm.INFO: Api File:C:\AppServ\www\LS/admin/dashboard/api/DashboardActionManager.php [] []
[2017-03-02 16:46:51] ICE Hrm.INFO: Api File:C:\AppServ\www\LS/admin/dashboard/api/DashboardActionManager.php [] []
[2017-03-02 16:47:03] ICE Hrm.INFO: Api File:C:\AppServ\www\LS/admin/dashboard/api/DashboardActionManager.php [] []
[2017-03-02 16:49:01] ICE Hrm.INFO: Api File:C:\AppServ\www\LS/admin/dashboard/api/DashboardActionManager.php [] []
[2017-03-02 16:51:02] ICE Hrm.INFO: Api File:C:\AppServ\www\LS/admin/dashboard/api/DashboardActionManager.php [] []
[2017-03-02 16:51:26] ICE Hrm.INFO: Api File:C:\AppServ\www\LS/admin/dashboard/api/DashboardActionManager.php [] []
[2017-03-02 16:52:16] ICE Hrm.INFO: Api File:C:\AppServ\www\LS/admin/dashboard/api/DashboardActionManager.php [] []
[2017-03-02 16:52:45] ICE Hrm.INFO: Api File:C:\AppServ\www\LS/modules/employees/api/EmployeesActionManager.php [] []
[2017-03-02 16:53:53] ICE Hrm.INFO: Api File:C:\AppServ\www\LS/modules/employees/api/EmployeesActionManager.php [] []
[2017-03-02 16:54:02] ICE Hrm.INFO: Api File:C:\AppServ\www\LS/modules/employees/api/EmployeesActionManager.php [] []
[2017-03-02 16:54:46] ICE Hrm.INFO: Api File:C:\AppServ\www\LS/modules/employees/api/EmployeesActionManager.php [] []
[2017-03-02 16:54:50] ICE Hrm.INFO: Api File:C:\AppServ\www\LS/modules/employees/api/EmployeesActionManager.php [] []
[2017-03-02 16:55:02] ICE Hrm.INFO: Api File:C:\AppServ\www\LS/modules/employees/api/EmployeesActionManager.php [] []
[2017-03-02 16:56:25] ICE Hrm.INFO: Api File:C:\AppServ\www\LS/modules/employees/api/EmployeesActionManager.php [] []
[2017-03-02 16:57:55] ICE Hrm.INFO: Api File:C:\AppServ\www\LS/modules/employees/api/EmployeesActionManager.php [] []
[2017-03-02 17:00:48] ICE Hrm.INFO: Api File:C:\AppServ\www\LS/admin/leavecal/api/LeavecalActionManager.php [] []
[2017-03-02 17:00:48] ICE Hrm.INFO:  [] []
[2017-03-02 17:02:11] ICE Hrm.INFO: Api File:C:\AppServ\www\LS/admin/leavecal/api/LeavecalActionManager.php [] []
[2017-03-02 17:02:11] ICE Hrm.INFO:  [] []
[2017-03-02 17:04:37] ICE Hrm.INFO: Api File:C:\AppServ\www\LS/admin/dashboard/api/DashboardActionManager.php [] []
[2017-03-02 17:05:48] ICE Hrm.INFO: Api File:C:\AppServ\www\LS/admin/dashboard/api/DashboardActionManager.php [] []
[2017-03-02 17:05:52] ICE Hrm.INFO: Api File:C:\AppServ\www\LS/admin/dashboard/api/DashboardActionManager.php [] []
[2017-03-02 17:06:22] Leave System.INFO: Api File:C:\AppServ\www\LS/admin/dashboard/api/DashboardActionManager.php [] []
[2017-03-02 17:08:54] Leave System.INFO: Api File:C:\AppServ\www\LS/admin/dashboard/api/DashboardActionManager.php [] []
[2017-03-02 17:09:37] Leave System.INFO: Api File:C:\AppServ\www\LS/admin/dashboard/api/DashboardActionManager.php [] []
[2017-03-02 17:10:00] Leave System.INFO: Api File:C:\AppServ\www\LS/modules/attendance/api/AttendanceActionManager.php [] []
[2017-03-02 17:10:00] Leave System.INFO: Api File:C:\AppServ\www\LS/modules/dashboard/api/DashboardActionManager.php [] []
[2017-03-02 17:10:00] Leave System.INFO: Api File:C:\AppServ\www\LS/modules/dashboard/api/DashboardActionManager.php [] []
[2017-03-02 17:10:00] Leave System.INFO: Api File:C:\AppServ\www\LS/modules/dashboard/api/DashboardActionManager.php [] []
[2017-03-02 17:11:03] Leave System.INFO: Api File:C:\AppServ\www\LS/modules/dashboard/api/DashboardActionManager.php [] []
[2017-03-02 17:11:03] Leave System.INFO: Api File:C:\AppServ\www\LS/modules/attendance/api/AttendanceActionManager.php [] []
[2017-03-02 17:11:03] Leave System.INFO: Api File:C:\AppServ\www\LS/modules/dashboard/api/DashboardActionManager.php [] []
[2017-03-02 17:11:03] Leave System.INFO: Api File:C:\AppServ\www\LS/modules/dashboard/api/DashboardActionManager.php [] []
[2017-03-02 17:12:37] Leave System.INFO: Api File:C:\AppServ\www\LS/modules/dashboard/api/DashboardActionManager.php [] []
[2017-03-02 17:12:37] Leave System.INFO: Api File:C:\AppServ\www\LS/modules/attendance/api/AttendanceActionManager.php [] []
[2017-03-02 17:12:37] Leave System.INFO: Api File:C:\AppServ\www\LS/modules/dashboard/api/DashboardActionManager.php [] []
[2017-03-02 17:12:37] Leave System.INFO: Api File:C:\AppServ\www\LS/modules/dashboard/api/DashboardActionManager.php [] []
[2017-03-02 17:17:00] Leave System.INFO: {"supervisor":"__myid__"} [] []
[2017-03-02 17:17:58] Leave System.INFO: {"supervisor":"__myid__"} [] []
[2017-03-02 17:18:20] Leave System.INFO: {"supervisor":"__myid__"} [] []
[2017-03-02 17:18:34] Leave System.INFO: {"supervisor":"__myid__"} [] []
[2017-03-02 17:18:43] Leave System.INFO: Api File:C:\AppServ\www\LS/admin/dashboard/api/DashboardActionManager.php [] []
[2017-03-02 17:26:50] Leave System.INFO: Api File:C:\AppServ\www\LS/admin/dashboard/api/DashboardActionManager.php [] []
[2017-03-02 17:26:55] Leave System.INFO: Api File:C:\AppServ\www\LS/admin/dashboard/api/DashboardActionManager.php [] []
[2017-03-02 17:27:46] Leave System.INFO: Api File:C:\AppServ\www\LS/admin/dashboard/api/DashboardActionManager.php [] []
[2017-03-02 17:28:23] Leave System.INFO: Api File:C:\AppServ\www\LS/admin/dashboard/api/DashboardActionManager.php [] []
[2017-03-02 17:32:53] Leave System.INFO: Api File:C:\AppServ\www\LS/admin/dashboard/api/DashboardActionManager.php [] []
[2017-03-02 17:33:09] Leave System.INFO: Api File:C:\AppServ\www\LS/admin/dashboard/api/DashboardActionManager.php [] []
[2017-03-02 17:34:25] Leave System.INFO: Api File:C:\AppServ\www\LS/admin/dashboard/api/DashboardActionManager.php [] []
[2017-03-02 17:35:35] Leave System.INFO: Api File:C:\AppServ\www\LS/admin/dashboard/api/DashboardActionManager.php [] []
[2017-03-02 17:35:42] Leave System.INFO: Api File:C:\AppServ\www\LS/modules/attendance/api/AttendanceActionManager.php [] []
[2017-03-02 17:36:25] Leave System.INFO: Api File:C:\AppServ\www\LS/admin/dashboard/api/DashboardActionManager.php [] []
[2017-03-02 17:36:34] Leave System.INFO: Api File:C:\AppServ\www\LS/admin/leavecal/api/LeavecalActionManager.php [] []
[2017-03-02 17:36:34] Leave System.INFO:  [] []
[2017-03-02 17:38:56] Leave System.INFO: Api File:C:\AppServ\www\LS/admin/leavecal/api/LeavecalActionManager.php [] []
[2017-03-02 17:38:56] Leave System.INFO:  [] []
[2017-03-02 17:39:56] Leave System.INFO: Api File:C:\AppServ\www\LS/admin/leavecal/api/LeavecalActionManager.php [] []
[2017-03-02 17:39:56] Leave System.INFO:  [] []
[2017-03-02 17:40:03] Leave System.INFO: Api File:C:\AppServ\www\LS/modules/leaves/api/LeavesActionManager.php [] []
[2017-03-02 17:40:04] Leave System.INFO: {"status":"Approved"} [] []
[2017-03-02 17:40:04] Leave System.INFO: {"status":"Pending"} [] []
[2017-03-02 17:40:06] Leave System.INFO: Api File:C:\AppServ\www\LS/modules/leavecal/api/LeavecalActionManager.php [] []
[2017-03-02 17:40:06] Leave System.INFO:  [] []
[2017-03-02 17:40:11] Leave System.INFO: Api File:C:\AppServ\www\LS/modules/leavecal/api/LeavecalActionManager.php [] []
[2017-03-02 17:40:11] Leave System.INFO:  [] []
[2017-03-02 17:40:12] Leave System.INFO: Api File:C:\AppServ\www\LS/modules/leavecal/api/LeavecalActionManager.php [] []
[2017-03-02 17:40:12] Leave System.INFO:  [] []
[2017-03-02 17:40:12] Leave System.INFO: Api File:C:\AppServ\www\LS/modules/leavecal/api/LeavecalActionManager.php [] []
[2017-03-02 17:40:12] Leave System.INFO:  [] []
[2017-03-02 17:40:13] Leave System.INFO: Api File:C:\AppServ\www\LS/modules/leavecal/api/LeavecalActionManager.php [] []
[2017-03-02 17:40:13] Leave System.INFO:  [] []
[2017-03-02 17:40:14] Leave System.INFO: Api File:C:\AppServ\www\LS/modules/leavecal/api/LeavecalActionManager.php [] []
[2017-03-02 17:40:14] Leave System.INFO:  [] []
[2017-03-02 17:40:14] Leave System.INFO: Api File:C:\AppServ\www\LS/modules/leavecal/api/LeavecalActionManager.php [] []
[2017-03-02 17:40:14] Leave System.INFO:  [] []
[2017-03-02 17:40:14] Leave System.INFO: Api File:C:\AppServ\www\LS/modules/leavecal/api/LeavecalActionManager.php [] []
[2017-03-02 17:40:14] Leave System.INFO:  [] []
[2017-03-02 17:40:14] Leave System.INFO: Api File:C:\AppServ\www\LS/modules/leavecal/api/LeavecalActionManager.php [] []
[2017-03-02 17:40:14] Leave System.INFO:  [] []
[2017-03-02 17:40:15] Leave System.INFO: Api File:C:\AppServ\www\LS/modules/leavecal/api/LeavecalActionManager.php [] []
[2017-03-02 17:40:15] Leave System.INFO:  [] []
[2017-03-02 17:41:32] Leave System.INFO: Api File:C:\AppServ\www\LS/admin/dashboard/api/DashboardActionManager.php [] []
[2017-03-02 17:43:58] Leave System.INFO: Api File:C:\AppServ\www\LS/admin/dashboard/api/DashboardActionManager.php [] []
[2017-03-02 17:44:37] Leave System.INFO: Api File:C:\AppServ\www\LS/admin/leavecal/api/LeavecalActionManager.php [] []
[2017-03-02 17:44:37] Leave System.INFO:  [] []
[2017-03-02 17:44:45] Leave System.INFO: Api File:C:\AppServ\www\LS/modules/leavecal/api/LeavecalActionManager.php [] []
[2017-03-02 17:44:46] Leave System.INFO:  [] []
[2017-03-02 17:45:01] Leave System.INFO: Api File:C:\AppServ\www\LS/admin/leavecal/api/LeavecalActionManager.php [] []
[2017-03-02 17:45:01] Leave System.INFO:  [] []
[2017-03-02 17:45:32] Leave System.INFO: Api File:C:\AppServ\www\LS/modules/leavecal/api/LeavecalActionManager.php [] []
[2017-03-02 17:45:32] Leave System.INFO:  [] []
[2017-03-02 17:45:53] Leave System.INFO: Api File:C:\AppServ\www\LS/modules/leavecal/api/LeavecalActionManager.php [] []
[2017-03-02 17:45:53] Leave System.INFO:  [] []
[2017-03-02 17:45:55] Leave System.INFO: Api File:C:\AppServ\www\LS/admin/leavecal/api/LeavecalActionManager.php [] []
[2017-03-02 17:45:55] Leave System.INFO:  [] []
[2017-03-02 17:46:19] Leave System.INFO: Api File:C:\AppServ\www\LS/admin/leavecal/api/LeavecalActionManager.php [] []
[2017-03-02 17:46:19] Leave System.INFO:  [] []
[2017-03-02 17:46:24] Leave System.INFO: Api File:C:\AppServ\www\LS/modules/leavecal/api/LeavecalActionManager.php [] []
[2017-03-02 17:46:24] Leave System.INFO:  [] []
[2017-03-02 17:46:42] Leave System.INFO: Api File:C:\AppServ\www\LS/modules/leavecal/api/LeavecalActionManager.php [] []
[2017-03-02 17:46:42] Leave System.INFO:  [] []
[2017-03-02 17:50:14] Leave System.INFO: Api File:C:\AppServ\www\LS/modules/leavecal/api/LeavecalActionManager.php [] []
[2017-03-02 17:50:14] Leave System.INFO:  [] []
[2017-03-02 17:50:20] Leave System.INFO: Api File:C:\AppServ\www\LS/modules/leavecal/api/LeavecalActionManager.php [] []
[2017-03-02 17:50:20] Leave System.INFO:  [] []
[2017-03-02 17:50:24] Leave System.INFO: Api File:C:\AppServ\www\LS/admin/leavecal/api/LeavecalActionManager.php [] []
[2017-03-02 17:50:24] Leave System.INFO:  [] []
[2017-03-02 17:51:23] Leave System.INFO: Api File:C:\AppServ\www\LS/admin/leavecal/api/LeavecalActionManager.php [] []
[2017-03-02 17:51:23] Leave System.INFO:  [] []
[2017-03-02 17:53:19] Leave System.INFO: Api File:C:\AppServ\www\LS/admin/leavecal/api/LeavecalActionManager.php [] []
[2017-03-02 17:53:19] Leave System.INFO:  [] []
[2017-03-02 17:55:18] Leave System.INFO: Api File:C:\AppServ\www\LS/admin/leavecal/api/LeavecalActionManager.php [] []
[2017-03-02 17:55:18] Leave System.INFO:  [] []
[2017-03-02 17:55:36] Leave System.INFO: Api File:C:\AppServ\www\LS/admin/leavecal/api/LeavecalActionManager.php [] []
[2017-03-02 17:55:36] Leave System.INFO:  [] []
